<?xml version="1.0" encoding="UTF-8"?>
<!-- Generated by org.testng.reporters.JUnitXMLReporter -->
<testsuite hostname="TYC1121776Adi-PC" ignored="3" name="Test(failed)" tests="4" failures="0" timestamp="2022-02-03T09:26:32 IST" time="40.675" errors="0">
  <testcase name="@BeforeClass loginToVtiger" time="0.001" classname="genericLibrary.BaseClass">
    <failure type="java.lang.NullPointerException">
      <![CDATA[java.lang.NullPointerException
at genericLibrary.BaseClass.loginToVtiger(BaseClass.java:69)
at java.util.ArrayList.forEach(Unknown Source)
... Removed 25 stack frames]]>
    </failure>
  </testcase> <!-- @BeforeClass loginToVtiger -->
  <testcase name="@BeforeMethod HomePageVtiger" time="-1.643860592559E9" classname="genericLibrary.BaseClass">
    <skipped/>
  </testcase> <!-- @BeforeMethod HomePageVtiger -->
  <testcase name="@AfterMethod LogoutFromVtiger" time="-1.64386059259E9" classname="genericLibrary.BaseClass">
    <skipped/>
  </testcase> <!-- @AfterMethod LogoutFromVtiger -->
  <testcase name="@AfterClass ClosingBrowser" time="-1.643860592604E9" classname="genericLibrary.BaseClass">
    <skipped/>
  </testcase> <!-- @AfterClass ClosingBrowser -->
  <testcase name="@BeforeClass loginToVtiger" time="0.001" classname="genericLibrary.BaseClass">
    <failure type="java.lang.NullPointerException">
      <![CDATA[java.lang.NullPointerException
at genericLibrary.BaseClass.loginToVtiger(BaseClass.java:69)
at java.util.ArrayList.forEach(Unknown Source)
... Removed 25 stack frames]]>
    </failure>
  </testcase> <!-- @BeforeClass loginToVtiger -->
  <testcase name="@BeforeMethod HomePageVtiger" time="-1.643860592616E9" classname="genericLibrary.BaseClass">
    <skipped/>
  </testcase> <!-- @BeforeMethod HomePageVtiger -->
  <testcase name="@AfterMethod LogoutFromVtiger" time="-1.643860592633E9" classname="genericLibrary.BaseClass">
    <skipped/>
  </testcase> <!-- @AfterMethod LogoutFromVtiger -->
  <testcase name="@AfterClass ClosingBrowser" time="-1.643860592646E9" classname="genericLibrary.BaseClass">
    <skipped/>
  </testcase> <!-- @AfterClass ClosingBrowser -->
  <testcase name="@BeforeClass loginToVtiger" time="0.001" classname="genericLibrary.BaseClass">
    <failure type="java.lang.NullPointerException">
      <![CDATA[java.lang.NullPointerException
at genericLibrary.BaseClass.loginToVtiger(BaseClass.java:69)
at java.util.ArrayList.forEach(Unknown Source)
... Removed 25 stack frames]]>
    </failure>
  </testcase> <!-- @BeforeClass loginToVtiger -->
  <testcase name="@BeforeMethod HomePageVtiger" time="-1.643860592662E9" classname="genericLibrary.BaseClass">
    <skipped/>
  </testcase> <!-- @BeforeMethod HomePageVtiger -->
  <testcase name="@AfterMethod LogoutFromVtiger" time="-1.643860592689E9" classname="genericLibrary.BaseClass">
    <skipped/>
  </testcase> <!-- @AfterMethod LogoutFromVtiger -->
  <testcase name="@AfterClass ClosingBrowser" time="-1.643860592698E9" classname="genericLibrary.BaseClass">
    <skipped/>
  </testcase> <!-- @AfterClass ClosingBrowser -->
  <testcase name="PurchaseOrderAndStatusAsApproved" time="5.288" classname="purchaseOrderModule.TC_16Test"/>
  <testcase name="PurchaseOrderAndStatusAsCancelled" time="0.0" classname="purchaseOrderModule.TC_19Test">
    <skipped/>
  </testcase> <!-- PurchaseOrderAndStatusAsCancelled -->
  <testcase name="PurchaseOrderAndStatusAsCreated" time="0.0" classname="purchaseOrderModule.TC_17Test">
    <skipped/>
  </testcase> <!-- PurchaseOrderAndStatusAsCreated -->
  <testcase name="PurchaseOrderAndStatusAsDelivered" time="0.0" classname="purchaseOrderModule.TC_18Test">
    <skipped/>
  </testcase> <!-- PurchaseOrderAndStatusAsDelivered -->
  <testcase name="@BeforeTest launchingBrowser" time="0.0" classname="genericLibrary.BaseClass">
    <ignored/>
  </testcase> <!-- @BeforeTest launchingBrowser -->
  <testcase name="@BeforeTest launchingBrowser" time="0.0" classname="genericLibrary.BaseClass">
    <ignored/>
  </testcase> <!-- @BeforeTest launchingBrowser -->
  <testcase name="@BeforeTest launchingBrowser" time="0.0" classname="genericLibrary.BaseClass">
    <ignored/>
  </testcase> <!-- @BeforeTest launchingBrowser -->
</testsuite> <!-- Test(failed) -->
