<?xml version="1.0" encoding="UTF-8"?>
<!-- Generated by org.testng.reporters.JUnitXMLReporter -->
<testsuite hostname="TYC1121776Adi-PC" ignored="3" name="Test(failed)" tests="4" failures="0" timestamp="2022-02-06T08:10:23 IST" time="36.043" errors="0">
  <testcase name="@BeforeClass loginToVtiger" time="0.001" classname="genericLibrary.BaseClass">
    <failure type="java.lang.NullPointerException">
      <![CDATA[java.lang.NullPointerException
at genericLibrary.BaseClass.loginToVtiger(BaseClass.java:69)
at java.util.ArrayList.forEach(Unknown Source)
... Removed 25 stack frames]]>
    </failure>
  </testcase> <!-- @BeforeClass loginToVtiger -->
  <testcase name="@BeforeMethod HomePageVtiger" time="-1.644115223522E9" classname="genericLibrary.BaseClass">
    <skipped/>
  </testcase> <!-- @BeforeMethod HomePageVtiger -->
  <testcase name="@AfterMethod LogoutFromVtiger" time="-1.644115223553E9" classname="genericLibrary.BaseClass">
    <skipped/>
  </testcase> <!-- @AfterMethod LogoutFromVtiger -->
  <testcase name="@AfterClass ClosingBrowser" time="-1.644115223568E9" classname="genericLibrary.BaseClass">
    <skipped/>
  </testcase> <!-- @AfterClass ClosingBrowser -->
  <testcase name="@BeforeClass loginToVtiger" time="0.001" classname="genericLibrary.BaseClass">
    <failure type="java.lang.NullPointerException">
      <![CDATA[java.lang.NullPointerException
at genericLibrary.BaseClass.loginToVtiger(BaseClass.java:69)
at java.util.ArrayList.forEach(Unknown Source)
... Removed 25 stack frames]]>
    </failure>
  </testcase> <!-- @BeforeClass loginToVtiger -->
  <testcase name="@BeforeMethod HomePageVtiger" time="-1.644115223625E9" classname="genericLibrary.BaseClass">
    <skipped/>
  </testcase> <!-- @BeforeMethod HomePageVtiger -->
  <testcase name="@AfterMethod LogoutFromVtiger" time="-1.644115223653E9" classname="genericLibrary.BaseClass">
    <skipped/>
  </testcase> <!-- @AfterMethod LogoutFromVtiger -->
  <testcase name="@AfterClass ClosingBrowser" time="-1.644115223676E9" classname="genericLibrary.BaseClass">
    <skipped/>
  </testcase> <!-- @AfterClass ClosingBrowser -->
  <testcase name="@BeforeClass loginToVtiger" time="0.001" classname="genericLibrary.BaseClass">
    <failure type="java.lang.NullPointerException">
      <![CDATA[java.lang.NullPointerException
at genericLibrary.BaseClass.loginToVtiger(BaseClass.java:69)
at java.util.ArrayList.forEach(Unknown Source)
... Removed 25 stack frames]]>
    </failure>
  </testcase> <!-- @BeforeClass loginToVtiger -->
  <testcase name="@BeforeMethod HomePageVtiger" time="-1.644115223702E9" classname="genericLibrary.BaseClass">
    <skipped/>
  </testcase> <!-- @BeforeMethod HomePageVtiger -->
  <testcase name="@AfterMethod LogoutFromVtiger" time="-1.644115223735E9" classname="genericLibrary.BaseClass">
    <skipped/>
  </testcase> <!-- @AfterMethod LogoutFromVtiger -->
  <testcase name="@AfterClass ClosingBrowser" time="-1.644115223739E9" classname="genericLibrary.BaseClass">
    <skipped/>
  </testcase> <!-- @AfterClass ClosingBrowser -->
  <testcase name="PurchaseOrderAndStatusAsDelivered" time="5.058" classname="purchaseOrderModule.TC_18Test"/>
  <testcase name="PurchaseOrderAndStatusAsCancelled" time="0.0" classname="purchaseOrderModule.TC_19Test">
    <skipped/>
  </testcase> <!-- PurchaseOrderAndStatusAsCancelled -->
  <testcase name="PurchaseOrderAndStatusAsCreated" time="0.0" classname="purchaseOrderModule.TC_17Test">
    <skipped/>
  </testcase> <!-- PurchaseOrderAndStatusAsCreated -->
  <testcase name="PurchaseOrderAndStatusAsApproved" time="0.0" classname="purchaseOrderModule.TC_16Test">
    <skipped/>
  </testcase> <!-- PurchaseOrderAndStatusAsApproved -->
  <testcase name="@BeforeTest launchingBrowser" time="0.0" classname="genericLibrary.BaseClass">
    <ignored/>
  </testcase> <!-- @BeforeTest launchingBrowser -->
  <testcase name="@BeforeTest launchingBrowser" time="0.0" classname="genericLibrary.BaseClass">
    <ignored/>
  </testcase> <!-- @BeforeTest launchingBrowser -->
  <testcase name="@BeforeTest launchingBrowser" time="0.0" classname="genericLibrary.BaseClass">
    <ignored/>
  </testcase> <!-- @BeforeTest launchingBrowser -->
</testsuite> <!-- Test(failed) -->
