<?xml version="1.0" encoding="UTF-8"?>
<!-- Generated by org.testng.reporters.JUnitXMLReporter -->
<testsuite hostname="TYC1121776Adi-PC" ignored="4" name="Test" tests="5" failures="0" timestamp="2022-02-06T08:05:48 IST" time="35.858" errors="0">
  <testcase name="@BeforeClass loginToVtiger" time="0.0" classname="genericLibrary.BaseClass">
    <failure type="java.lang.NullPointerException">
      <![CDATA[java.lang.NullPointerException
at genericLibrary.BaseClass.loginToVtiger(BaseClass.java:69)
at java.util.ArrayList.forEach(Unknown Source)
... Removed 25 stack frames]]>
    </failure>
  </testcase> <!-- @BeforeClass loginToVtiger -->
  <testcase name="@BeforeMethod HomePageVtiger" time="-1.644114947925E9" classname="genericLibrary.BaseClass">
    <skipped/>
  </testcase> <!-- @BeforeMethod HomePageVtiger -->
  <testcase name="@AfterMethod LogoutFromVtiger" time="-1.644114947952E9" classname="genericLibrary.BaseClass">
    <skipped/>
  </testcase> <!-- @AfterMethod LogoutFromVtiger -->
  <testcase name="@AfterClass ClosingBrowser" time="-1.644114947958E9" classname="genericLibrary.BaseClass">
    <skipped/>
  </testcase> <!-- @AfterClass ClosingBrowser -->
  <testcase name="@BeforeClass loginToVtiger" time="0.001" classname="genericLibrary.BaseClass">
    <failure type="java.lang.NullPointerException">
      <![CDATA[java.lang.NullPointerException
at genericLibrary.BaseClass.loginToVtiger(BaseClass.java:69)
at java.util.ArrayList.forEach(Unknown Source)
... Removed 25 stack frames]]>
    </failure>
  </testcase> <!-- @BeforeClass loginToVtiger -->
  <testcase name="@BeforeMethod HomePageVtiger" time="-1.644114947975E9" classname="genericLibrary.BaseClass">
    <skipped/>
  </testcase> <!-- @BeforeMethod HomePageVtiger -->
  <testcase name="@AfterMethod LogoutFromVtiger" time="-1.644114947993E9" classname="genericLibrary.BaseClass">
    <skipped/>
  </testcase> <!-- @AfterMethod LogoutFromVtiger -->
  <testcase name="@AfterClass ClosingBrowser" time="-1.644114948033E9" classname="genericLibrary.BaseClass">
    <skipped/>
  </testcase> <!-- @AfterClass ClosingBrowser -->
  <testcase name="@BeforeClass loginToVtiger" time="0.001" classname="genericLibrary.BaseClass">
    <failure type="java.lang.NullPointerException">
      <![CDATA[java.lang.NullPointerException
at genericLibrary.BaseClass.loginToVtiger(BaseClass.java:69)
at java.util.ArrayList.forEach(Unknown Source)
... Removed 25 stack frames]]>
    </failure>
  </testcase> <!-- @BeforeClass loginToVtiger -->
  <testcase name="@BeforeMethod HomePageVtiger" time="-1.644114948051E9" classname="genericLibrary.BaseClass">
    <skipped/>
  </testcase> <!-- @BeforeMethod HomePageVtiger -->
  <testcase name="@AfterMethod LogoutFromVtiger" time="-1.644114948077E9" classname="genericLibrary.BaseClass">
    <skipped/>
  </testcase> <!-- @AfterMethod LogoutFromVtiger -->
  <testcase name="@AfterClass ClosingBrowser" time="-1.644114948086E9" classname="genericLibrary.BaseClass">
    <skipped/>
  </testcase> <!-- @AfterClass ClosingBrowser -->
  <testcase name="@BeforeClass loginToVtiger" time="0.001" classname="genericLibrary.BaseClass">
    <failure type="java.lang.NullPointerException">
      <![CDATA[java.lang.NullPointerException
at genericLibrary.BaseClass.loginToVtiger(BaseClass.java:69)
at java.util.ArrayList.forEach(Unknown Source)
... Removed 25 stack frames]]>
    </failure>
  </testcase> <!-- @BeforeClass loginToVtiger -->
  <testcase name="@BeforeMethod HomePageVtiger" time="-1.644114948122E9" classname="genericLibrary.BaseClass">
    <skipped/>
  </testcase> <!-- @BeforeMethod HomePageVtiger -->
  <testcase name="@AfterMethod LogoutFromVtiger" time="-1.644114948139E9" classname="genericLibrary.BaseClass">
    <skipped/>
  </testcase> <!-- @AfterMethod LogoutFromVtiger -->
  <testcase name="@AfterClass ClosingBrowser" time="-1.644114948146E9" classname="genericLibrary.BaseClass">
    <skipped/>
  </testcase> <!-- @AfterClass ClosingBrowser -->
  <testcase name="PurchaseOrderAndStatusAsReceviedShipment" time="5.042" classname="purchaseOrderModule.TC_20Test"/>
  <testcase name="PurchaseOrderAndStatusAsApproved" time="0.0" classname="purchaseOrderModule.TC_16Test">
    <skipped/>
  </testcase> <!-- PurchaseOrderAndStatusAsApproved -->
  <testcase name="PurchaseOrderAndStatusAsDelivered" time="0.0" classname="purchaseOrderModule.TC_18Test">
    <skipped/>
  </testcase> <!-- PurchaseOrderAndStatusAsDelivered -->
  <testcase name="PurchaseOrderAndStatusAsCreated" time="0.0" classname="purchaseOrderModule.TC_17Test">
    <skipped/>
  </testcase> <!-- PurchaseOrderAndStatusAsCreated -->
  <testcase name="PurchaseOrderAndStatusAsCancelled" time="0.0" classname="purchaseOrderModule.TC_19Test">
    <skipped/>
  </testcase> <!-- PurchaseOrderAndStatusAsCancelled -->
  <testcase name="@BeforeTest launchingBrowser" time="0.0" classname="genericLibrary.BaseClass">
    <ignored/>
  </testcase> <!-- @BeforeTest launchingBrowser -->
  <testcase name="@BeforeTest launchingBrowser" time="0.0" classname="genericLibrary.BaseClass">
    <ignored/>
  </testcase> <!-- @BeforeTest launchingBrowser -->
  <testcase name="@BeforeTest launchingBrowser" time="0.0" classname="genericLibrary.BaseClass">
    <ignored/>
  </testcase> <!-- @BeforeTest launchingBrowser -->
  <testcase name="@BeforeTest launchingBrowser" time="0.0" classname="genericLibrary.BaseClass">
    <ignored/>
  </testcase> <!-- @BeforeTest launchingBrowser -->
</testsuite> <!-- Test -->
