<?xml version="1.0" encoding="UTF-8"?>
<!-- Generated by org.testng.reporters.JUnitXMLReporter -->
<testsuite hostname="TYC1121776Adi-PC" ignored="4" name="Test" tests="5" failures="0" timestamp="2022-02-03T09:07:43 IST" time="20.496" errors="0">
  <testcase name="@BeforeClass loginToVtiger" time="0.0" classname="genericLibrary.BaseClass">
    <failure type="java.lang.NullPointerException">
      <![CDATA[java.lang.NullPointerException
at genericLibrary.BaseClass.loginToVtiger(BaseClass.java:69)
at java.util.ArrayList.forEach(Unknown Source)
... Removed 25 stack frames]]>
    </failure>
  </testcase> <!-- @BeforeClass loginToVtiger -->
  <testcase name="@BeforeMethod HomePageVtiger" time="-1.643859463579E9" classname="genericLibrary.BaseClass">
    <skipped/>
  </testcase> <!-- @BeforeMethod HomePageVtiger -->
  <testcase name="@AfterMethod LogoutFromVtiger" time="-1.643859463586E9" classname="genericLibrary.BaseClass">
    <skipped/>
  </testcase> <!-- @AfterMethod LogoutFromVtiger -->
  <testcase name="@AfterClass ClosingBrowser" time="-1.643859463588E9" classname="genericLibrary.BaseClass">
    <skipped/>
  </testcase> <!-- @AfterClass ClosingBrowser -->
  <testcase name="@BeforeClass loginToVtiger" time="0.0" classname="genericLibrary.BaseClass">
    <failure type="java.lang.NullPointerException">
      <![CDATA[java.lang.NullPointerException
at genericLibrary.BaseClass.loginToVtiger(BaseClass.java:69)
at java.util.ArrayList.forEach(Unknown Source)
... Removed 25 stack frames]]>
    </failure>
  </testcase> <!-- @BeforeClass loginToVtiger -->
  <testcase name="@BeforeMethod HomePageVtiger" time="-1.643859463592E9" classname="genericLibrary.BaseClass">
    <skipped/>
  </testcase> <!-- @BeforeMethod HomePageVtiger -->
  <testcase name="@AfterMethod LogoutFromVtiger" time="-1.643859463598E9" classname="genericLibrary.BaseClass">
    <skipped/>
  </testcase> <!-- @AfterMethod LogoutFromVtiger -->
  <testcase name="@AfterClass ClosingBrowser" time="-1.643859463601E9" classname="genericLibrary.BaseClass">
    <skipped/>
  </testcase> <!-- @AfterClass ClosingBrowser -->
  <testcase name="@BeforeClass loginToVtiger" time="0.001" classname="genericLibrary.BaseClass">
    <failure type="java.lang.NullPointerException">
      <![CDATA[java.lang.NullPointerException
at genericLibrary.BaseClass.loginToVtiger(BaseClass.java:69)
at java.util.ArrayList.forEach(Unknown Source)
... Removed 25 stack frames]]>
    </failure>
  </testcase> <!-- @BeforeClass loginToVtiger -->
  <testcase name="@BeforeMethod HomePageVtiger" time="-1.643859463605E9" classname="genericLibrary.BaseClass">
    <skipped/>
  </testcase> <!-- @BeforeMethod HomePageVtiger -->
  <testcase name="@AfterMethod LogoutFromVtiger" time="-1.643859463609E9" classname="genericLibrary.BaseClass">
    <skipped/>
  </testcase> <!-- @AfterMethod LogoutFromVtiger -->
  <testcase name="@AfterClass ClosingBrowser" time="-1.643859463613E9" classname="genericLibrary.BaseClass">
    <skipped/>
  </testcase> <!-- @AfterClass ClosingBrowser -->
  <testcase name="@BeforeClass loginToVtiger" time="0.0" classname="genericLibrary.BaseClass">
    <failure type="java.lang.NullPointerException">
      <![CDATA[java.lang.NullPointerException
at genericLibrary.BaseClass.loginToVtiger(BaseClass.java:69)
at java.util.ArrayList.forEach(Unknown Source)
... Removed 25 stack frames]]>
    </failure>
  </testcase> <!-- @BeforeClass loginToVtiger -->
  <testcase name="@BeforeMethod HomePageVtiger" time="-1.643859463619E9" classname="genericLibrary.BaseClass">
    <skipped/>
  </testcase> <!-- @BeforeMethod HomePageVtiger -->
  <testcase name="@AfterMethod LogoutFromVtiger" time="-1.643859463621E9" classname="genericLibrary.BaseClass">
    <skipped/>
  </testcase> <!-- @AfterMethod LogoutFromVtiger -->
  <testcase name="@AfterClass ClosingBrowser" time="-1.643859463622E9" classname="genericLibrary.BaseClass">
    <skipped/>
  </testcase> <!-- @AfterClass ClosingBrowser -->
  <testcase name="PurchaseOrderAndStatusAsReceviedShipment" time="1.705" classname="purchaseOrderModule.TC_20Test"/>
  <testcase name="PurchaseOrderAndStatusAsApproved" time="0.0" classname="purchaseOrderModule.TC_16Test">
    <skipped/>
  </testcase> <!-- PurchaseOrderAndStatusAsApproved -->
  <testcase name="PurchaseOrderAndStatusAsDelivered" time="0.0" classname="purchaseOrderModule.TC_18Test">
    <skipped/>
  </testcase> <!-- PurchaseOrderAndStatusAsDelivered -->
  <testcase name="PurchaseOrderAndStatusAsCreated" time="0.0" classname="purchaseOrderModule.TC_17Test">
    <skipped/>
  </testcase> <!-- PurchaseOrderAndStatusAsCreated -->
  <testcase name="PurchaseOrderAndStatusAsCancelled" time="0.0" classname="purchaseOrderModule.TC_19Test">
    <skipped/>
  </testcase> <!-- PurchaseOrderAndStatusAsCancelled -->
  <testcase name="@BeforeTest launchingBrowser" time="0.0" classname="genericLibrary.BaseClass">
    <ignored/>
  </testcase> <!-- @BeforeTest launchingBrowser -->
  <testcase name="@BeforeTest launchingBrowser" time="0.0" classname="genericLibrary.BaseClass">
    <ignored/>
  </testcase> <!-- @BeforeTest launchingBrowser -->
  <testcase name="@BeforeTest launchingBrowser" time="0.0" classname="genericLibrary.BaseClass">
    <ignored/>
  </testcase> <!-- @BeforeTest launchingBrowser -->
  <testcase name="@BeforeTest launchingBrowser" time="0.0" classname="genericLibrary.BaseClass">
    <ignored/>
  </testcase> <!-- @BeforeTest launchingBrowser -->
</testsuite> <!-- Test -->
